{
  "RSpec": {
    "coverage": {
      "/Users/clare/Dropbox/projects/oystercard-personal_copy/spec/card_spec.rb": [
        1,
        null,
        1,
        null,
        null,
        null,
        7,
        null,
        5,
        null,
        null,
        1,
        11,
        null,
        null,
        null,
        null,
        null,
        null,
        null,
        null,
        null,
        null,
        null,
        null,
        1,
        1,
        null,
        null,
        1,
        1,
        null,
        null,
        1,
        1,
        1,
        null,
        null,
        1,
        2,
        null,
        null,
        1,
        1,
        1,
        null,
        null,
        1,
        1,
        1,
        null,
        1,
        null,
        null,
        1,
        1,
        2,
        null,
        null,
        1,
        1,
        1,
        4,
        null,
        null,
        null,
        null,
        null,
        null,
        null,
        null,
        1,
        1,
        null,
        null,
        1,
        1,
        1,
        null,
        1,
        null,
        null,
        1,
        1,
        1,
        null,
        1,
        1,
        null,
        null,
        null
      ],
      "/Users/clare/Dropbox/projects/oystercard-personal_copy/lib/card.rb": [
        1,
        1,
        null,
        1,
        1,
        1,
        1,
        null,
        1,
        null,
        null,
        1,
        16,
        16,
        null,
        null,
        null,
        1,
        2,
        1,
        null,
        null,
        1,
        null,
        6,
        6,
        5,
        null,
        null,
        1,
        null,
        null,
        null,
        5,
        5,
        null,
        null,
        null,
        null,
        null,
        null,
        1,
        1,
        null,
        null,
        1,
        null,
        1,
        2,
        null,
        null,
        1,
        6,
        null,
        null,
        1,
        5,
        null,
        null
      ],
      "/Users/clare/Dropbox/projects/oystercard-personal_copy/lib/station.rb": [
        1,
        null,
        1,
        1,
        null,
        1,
        null,
        3,
        3,
        null,
        null,
        null,
        null,
        null,
        null,
        null,
        null,
        null,
        null,
        null,
        null,
        1,
        1,
        3,
        null,
        null,
        null,
        null,
        1,
        3,
        5,
        null,
        1,
        null,
        null
      ],
      "/Users/clare/Dropbox/projects/oystercard-personal_copy/lib/journey.rb": [
        1,
        null,
        1,
        null,
        1,
        1,
        1,
        null,
        1,
        1,
        null,
        1,
        11,
        null,
        11,
        null,
        null,
        11,
        null,
        null,
        null,
        null,
        null,
        null,
        1,
        7,
        7,
        null,
        null,
        null,
        null,
        null,
        null,
        null,
        1,
        9,
        null,
        null,
        1,
        null,
        null,
        8,
        null,
        null,
        null,
        null,
        null,
        null,
        null,
        null,
        null,
        null,
        null,
        null,
        null
      ],
      "/Users/clare/Dropbox/projects/oystercard-personal_copy/spec/journey_spec.rb": [
        1,
        1,
        6,
        3,
        null,
        6,
        null,
        1,
        1,
        null,
        null,
        1,
        1,
        1,
        null,
        null,
        1,
        1,
        null,
        null,
        1,
        1,
        null,
        null,
        1,
        1,
        null,
        1,
        null,
        null
      ],
      "/Users/clare/Dropbox/projects/oystercard-personal_copy/spec/station_spec.rb": [
        1,
        null,
        1,
        null,
        1,
        1,
        null,
        null,
        1,
        1,
        null,
        null,
        1,
        1,
        null,
        null,
        null
      ]
    },
    "timestamp": 1539121543
  }
}
