{
  "RSpec": {
    "coverage": {
      "/Users/clare/Dropbox/projects/oystercard/spec/card_spec.rb": [
        1,
        null,
        1,
        null,
        8,
        5,
        null,
        1,
        12,
        null,
        null,
        1,
        1,
        null,
        null,
        1,
        1,
        null,
        null,
        1,
        1,
        1,
        null,
        null,
        1,
        2,
        null,
        null,
        1,
        1,
        1,
        null,
        null,
        1,
        1,
        1,
        1,
        null,
        null,
        1,
        1,
        2,
        null,
        null,
        1,
        1,
        4,
        null,
        null,
        1,
        1,
        1,
        null,
        null,
        1,
        1,
        1,
        1,
        null,
        null,
        1,
        1,
        null,
        null,
        1,
        1,
        1,
        1,
        null,
        null
      ],
      "/Users/clare/Dropbox/projects/oystercard/lib/card.rb": [
        1,
        1,
        1,
        1,
        null,
        1,
        1,
        null,
        1,
        17,
        17,
        17,
        null,
        null,
        1,
        2,
        1,
        null,
        null,
        1,
        7,
        6,
        6,
        null,
        null,
        1,
        4,
        4,
        4,
        4,
        null,
        null,
        1,
        2,
        null,
        null,
        1,
        2,
        null,
        null,
        1,
        null,
        1,
        2,
        null,
        null,
        1,
        7,
        null,
        null,
        1,
        4,
        null,
        null
      ]
    },
    "timestamp": 1539094450
  }
}
